[01m[K/home/billie/catkin_ws/src/billie/src/gps_control.cpp:[m[K In function â€˜[01m[Kvoid position_trajectory(const ros::TimerEvent&)[m[Kâ€™:
[01m[K/home/billie/catkin_ws/src/billie/src/gps_control.cpp:309:4:[m[K [01;31m[Kerror: [m[Kâ€˜[01m[Kz_awal[m[Kâ€™ was not declared in this scope
    z_awal = qc_position.pose.position.z;
[01;32m[K    ^[m[K
make[2]: *** [CMakeFiles/gps_control.dir/src/gps_control.cpp.o] Error 1
make[1]: *** [CMakeFiles/gps_control.dir/all] Error 2
make[1]: *** Waiting for unfinished jobs....
make: *** [all] Error 2
