[01m[K/home/billie/catkin_ws/src/billie/src/gps_control.cpp:[m[K In function â€˜[01m[Kvoid keyboardCommands()[m[Kâ€™:
[01m[K/home/billie/catkin_ws/src/billie/src/gps_control.cpp:237:5:[m[K [01;31m[Kerror: [m[Kâ€˜[01m[Kdurasi[m[Kâ€™ was not declared in this scope
     durasi[cmd_count] = jarak[cmd_count] / max_velocity;
[01;32m[K     ^[m[K
[01m[K/home/billie/catkin_ws/src/billie/src/gps_control.cpp:240:4:[m[K [01;31m[Kerror: [m[Kâ€˜[01m[Kdurasi[m[Kâ€™ was not declared in this scope
    durasi[jml_trajectory-1] = (jarak[jml_trajectory-1] - (0.5*max_velocity*t2))/max_velocity;
[01;32m[K    ^[m[K
make[2]: *** [CMakeFiles/gps_control.dir/src/gps_control.cpp.o] Error 1
make[1]: *** [CMakeFiles/gps_control.dir/all] Error 2
make: *** [all] Error 2
