[01m[K/home/billie/catkin_ws/src/billie/src/gps_control.cpp:79:1:[m[K [01;31m[Kerror: [m[Kâ€˜[01m[Kcon0st[m[Kâ€™ does not name a type
 con0st double kp_yaw = 0.005;
[01;32m[K ^[m[K
[01m[K/home/billie/catkin_ws/src/billie/src/gps_control.cpp:[m[K In function â€˜[01m[Kvoid position_trajectory(const ros::TimerEvent&)[m[Kâ€™:
[01m[K/home/billie/catkin_ws/src/billie/src/gps_control.cpp:534:9:[m[K [01;31m[Kerror: [m[Kâ€˜[01m[Kkp_yaw[m[Kâ€™ was not declared in this scope
   dv = (kp_yaw * current_error_yaw) + (ki_yaw * total_error_yaw)*dt + (kd_yaw *(current_error_yaw - error_prv_yaw)/dt);
[01;32m[K         ^[m[K
make[2]: *** [CMakeFiles/gps_control.dir/src/gps_control.cpp.o] Error 1
make[1]: *** [CMakeFiles/gps_control.dir/all] Error 2
make: *** [all] Error 2
