[01m[K/home/billie/catkin_ws/src/billie/src/gps_control.cpp:[m[K In function â€˜[01m[Kvoid position_trajectory(const ros::TimerEvent&)[m[Kâ€™:
[01m[K/home/billie/catkin_ws/src/billie/src/gps_control.cpp:310:43:[m[K [01;31m[Kerror: [m[Kâ€˜[01m[Kbillie[m[Kâ€™ was not declared in this scope
   if(gain_constant > take_off_duration && billie = 1)
[01;32m[K                                           ^[m[K
[01m[K/home/billie/catkin_ws/src/billie/src/gps_control.cpp:318:24:[m[K [01;31m[Kerror: [m[Kâ€˜[01m[Kbillie[m[Kâ€™ was not declared in this scope
   if(cmd_count < 13 && billie == 0) // 13 didapat dari jumlah command yang ada
[01;32m[K                        ^[m[K
make[2]: *** [CMakeFiles/gps_control.dir/src/gps_control.cpp.o] Error 1
make[1]: *** [CMakeFiles/gps_control.dir/all] Error 2
make: *** [all] Error 2
