In file included from [01m[K/opt/ros/kinetic/include/ros/ros.h:40:0[m[K,
                 from [01m[K/home/billie/catkin_ws/src/billie/src/gps_control.cpp:1[m[K:
[01m[K/home/billie/catkin_ws/src/billie/src/gps_control.cpp:[m[K In function â€˜[01m[Kvoid keyboardCommands()[m[Kâ€™:
[01m[K/home/billie/catkin_ws/src/billie/src/gps_control.cpp:216:67:[m[K [01;31m[Kerror: [m[Kâ€˜[01m[KY_cmd[m[Kâ€™ was not declared in this scope
     ROS_INFO_STREAM("Nilai y cmd[ " << cmd_count << "] adalah" << Y_cmd[cmd_count]);
[01;32m[K                                                                   ^[m[K
[01m[K/opt/ros/kinetic/include/ros/console.h:356:64:[m[K [01;36m[Knote: [m[Kin definition of macro â€˜[01m[KROSCONSOLE_PRINT_STREAM_AT_LOCATION_WITH_FILTER[m[Kâ€™
     __rosconsole_print_stream_at_location_with_filter__ss__ << args; \
[01;32m[K                                                                ^[m[K
[01m[K/opt/ros/kinetic/include/ros/console.h:398:7:[m[K [01;36m[Knote: [m[Kin expansion of macro â€˜[01m[KROSCONSOLE_PRINT_STREAM_AT_LOCATION[m[Kâ€™
       ROSCONSOLE_PRINT_STREAM_AT_LOCATION(args); \
[01;32m[K       ^[m[K
[01m[K/opt/ros/kinetic/include/ros/console.h:568:43:[m[K [01;36m[Knote: [m[Kin expansion of macro â€˜[01m[KROS_LOG_STREAM_COND[m[Kâ€™
 #define ROS_LOG_STREAM(level, name, args) ROS_LOG_STREAM_COND(true, level, name, args)
[01;32m[K                                           ^[m[K
[01m[K/opt/ros/kinetic/include/rosconsole/macros_generated.h:111:31:[m[K [01;36m[Knote: [m[Kin expansion of macro â€˜[01m[KROS_LOG_STREAM[m[Kâ€™
 #define ROS_INFO_STREAM(args) ROS_LOG_STREAM(::ros::console::levels::Info, ROSCONSOLE_DEFAULT_NAME, args)
[01;32m[K                               ^[m[K
[01m[K/home/billie/catkin_ws/src/billie/src/gps_control.cpp:216:5:[m[K [01;36m[Knote: [m[Kin expansion of macro â€˜[01m[KROS_INFO_STREAM[m[Kâ€™
     ROS_INFO_STREAM("Nilai y cmd[ " << cmd_count << "] adalah" << Y_cmd[cmd_count]);
[01;32m[K     ^[m[K
[01m[K/home/billie/catkin_ws/src/billie/src/gps_control.cpp:220:27:[m[K [01;31m[Kerror: [m[Kinvalid operands of types â€˜[01m[Kdouble [15][m[Kâ€™ and â€˜[01m[Kdouble [15][m[Kâ€™ to binary â€˜[01m[Koperator*[m[Kâ€™
    jarak[0] = sqrt((x_cmd*x_cmd) + (y_cmd*y_cmd));
[01;32m[K                           ^[m[K
[01m[K/home/billie/catkin_ws/src/billie/src/gps_control.cpp:220:43:[m[K [01;31m[Kerror: [m[Kinvalid operands of types â€˜[01m[Kdouble [15][m[Kâ€™ and â€˜[01m[Kdouble [15][m[Kâ€™ to binary â€˜[01m[Koperator*[m[Kâ€™
    jarak[0] = sqrt((x_cmd*x_cmd) + (y_cmd*y_cmd));
[01;32m[K                                           ^[m[K
[01m[K/home/billie/catkin_ws/src/billie/src/gps_control.cpp:224:4:[m[K [01;31m[Kerror: [m[Kexpected â€˜[01m[K;[m[Kâ€™ before â€˜[01m[K}[m[Kâ€™ token
    }
[01;32m[K    ^[m[K
make[2]: *** [CMakeFiles/gps_control.dir/src/gps_control.cpp.o] Error 1
make[1]: *** [CMakeFiles/gps_control.dir/all] Error 2
make: *** [all] Error 2
